<?xml version="1.0" encoding="UTF-8" ?>
<testsuite tests="2" failures="2" name="com.shopify.prettyprices.PriceConverterTest" time="0.012" errors="0" skipped="0">
  <properties>
    <property name="java.runtime.name" value="OpenJDK Runtime Environment"/>
    <property name="sun.boot.library.path" value="/home/gitpod/.sdkman/candidates/java/8.0.202-zulufx/jre/lib/amd64"/>
    <property name="java.vm.version" value="25.202-b05"/>
    <property name="java.vm.vendor" value="Azul Systems, Inc."/>
    <property name="maven.multiModuleProjectDirectory" value="/workspace/pretty-prices"/>
    <property name="java.vendor.url" value="http://www.azulsystems.com/"/>
    <property name="path.separator" value=":"/>
    <property name="guice.disable.misplaced.annotation.check" value="true"/>
    <property name="java.vm.name" value="OpenJDK 64-Bit Server VM"/>
    <property name="file.encoding.pkg" value="sun.io"/>
    <property name="user.country" value="US"/>
    <property name="sun.java.launcher" value="SUN_STANDARD"/>
    <property name="sun.os.patch.level" value="unknown"/>
    <property name="java.vm.specification.name" value="Java Virtual Machine Specification"/>
    <property name="user.dir" value="/workspace/pretty-prices"/>
    <property name="java.runtime.version" value="1.8.0_202-b05"/>
    <property name="java.awt.graphicsenv" value="sun.awt.X11GraphicsEnvironment"/>
    <property name="java.endorsed.dirs" value="/home/gitpod/.sdkman/candidates/java/8.0.202-zulufx/jre/lib/endorsed"/>
    <property name="os.arch" value="amd64"/>
    <property name="java.io.tmpdir" value="/tmp"/>
    <property name="line.separator" value="
"/>
    <property name="java.vm.specification.vendor" value="Oracle Corporation"/>
    <property name="os.name" value="Linux"/>
    <property name="classworlds.conf" value="/home/gitpod/.sdkman/candidates/maven/current/bin/m2.conf"/>
    <property name="sun.jnu.encoding" value="UTF-8"/>
    <property name="java.library.path" value="/usr/java/packages/lib/amd64:/usr/lib64:/lib64:/lib:/usr/lib"/>
    <property name="maven.conf" value="/home/gitpod/.sdkman/candidates/maven/current/conf"/>
    <property name="java.specification.name" value="Java Platform API Specification"/>
    <property name="java.class.version" value="52.0"/>
    <property name="sun.management.compiler" value="HotSpot 64-Bit Tiered Compilers"/>
    <property name="os.version" value="4.15.0-1026-gcp"/>
    <property name="library.jansi.path" value="/home/gitpod/.sdkman/candidates/maven/current/lib/jansi-native"/>
    <property name="user.home" value="/home/gitpod"/>
    <property name="user.timezone" value="Etc/UTC"/>
    <property name="java.awt.printerjob" value="sun.print.PSPrinterJob"/>
    <property name="java.specification.version" value="1.8"/>
    <property name="file.encoding" value="UTF-8"/>
    <property name="user.name" value="gitpod"/>
    <property name="java.class.path" value="/home/gitpod/.sdkman/candidates/maven/current/boot/plexus-classworlds-2.6.0.jar"/>
    <property name="java.vm.specification.version" value="1.8"/>
    <property name="sun.arch.data.model" value="64"/>
    <property name="java.home" value="/home/gitpod/.sdkman/candidates/java/8.0.202-zulufx/jre"/>
    <property name="sun.java.command" value="org.codehaus.plexus.classworlds.launcher.Launcher test"/>
    <property name="java.specification.vendor" value="Oracle Corporation"/>
    <property name="user.language" value="en"/>
    <property name="awt.toolkit" value="sun.awt.X11.XToolkit"/>
    <property name="java.vm.info" value="mixed mode"/>
    <property name="java.version" value="1.8.0_202"/>
    <property name="java.ext.dirs" value="/home/gitpod/.sdkman/candidates/java/8.0.202-zulufx/jre/lib/ext:/usr/java/packages/lib/ext"/>
    <property name="securerandom.source" value="file:/dev/./urandom"/>
    <property name="sun.boot.class.path" value="/home/gitpod/.sdkman/candidates/java/8.0.202-zulufx/jre/lib/resources.jar:/home/gitpod/.sdkman/candidates/java/8.0.202-zulufx/jre/lib/rt.jar:/home/gitpod/.sdkman/candidates/java/8.0.202-zulufx/jre/lib/sunrsasign.jar:/home/gitpod/.sdkman/candidates/java/8.0.202-zulufx/jre/lib/jsse.jar:/home/gitpod/.sdkman/candidates/java/8.0.202-zulufx/jre/lib/jce.jar:/home/gitpod/.sdkman/candidates/java/8.0.202-zulufx/jre/lib/charsets.jar:/home/gitpod/.sdkman/candidates/java/8.0.202-zulufx/jre/lib/jfr.jar:/home/gitpod/.sdkman/candidates/java/8.0.202-zulufx/jre/classes"/>
    <property name="java.vendor" value="Azul Systems, Inc."/>
    <property name="maven.home" value="/home/gitpod/.sdkman/candidates/maven/current"/>
    <property name="file.separator" value="/"/>
    <property name="java.vendor.url.bug" value="http://www.azulsystems.com/support/"/>
    <property name="sun.cpu.endian" value="little"/>
    <property name="sun.io.unicode.encoding" value="UnicodeLittle"/>
    <property name="sun.cpu.isalist" value=""/>
  </properties>
  <testcase classname="com.shopify.prettyprices.PriceConverterTest" name="com.shopify.prettyprices.PriceConverterTest.testConvertUpToNearestQuarter" time="0.012">
    <failure message="expected: &lt;8&gt; but was: &lt;7.72500000000000053290705182007513940334320068359375&gt;" type="org.opentest4j.AssertionFailedError">org.opentest4j.AssertionFailedError: expected: &lt;8&gt; but was: &lt;7.72500000000000053290705182007513940334320068359375&gt;
	at org.junit.jupiter.api.AssertionUtils.fail(AssertionUtils.java:54)
	at org.junit.jupiter.api.AssertEquals.failNotEqual(AssertEquals.java:195)
	at org.junit.jupiter.api.AssertEquals.assertEquals(AssertEquals.java:184)
	at org.junit.jupiter.api.AssertEquals.assertEquals(AssertEquals.java:179)
	at org.junit.jupiter.api.Assertions.assertEquals(Assertions.java:508)
	at com.shopify.prettyprices.PriceConverterTest.testConvertUpToNearestQuarter(PriceConverterTest.java:38)
</failure>
    <system-out>convert UP to nearest quarter
</system-out>
  </testcase>
  <testcase classname="com.shopify.prettyprices.PriceConverterTest" name="com.shopify.prettyprices.PriceConverterTest.testConvertDownToNearestQuarter" time="0">
    <failure message="expected: &lt;8.5&gt; but was: &lt;8.550000000000000266453525910037569701671600341796875&gt;" type="org.opentest4j.AssertionFailedError">org.opentest4j.AssertionFailedError: expected: &lt;8.5&gt; but was: &lt;8.550000000000000266453525910037569701671600341796875&gt;
	at org.junit.jupiter.api.AssertionUtils.fail(AssertionUtils.java:54)
	at org.junit.jupiter.api.AssertEquals.failNotEqual(AssertEquals.java:195)
	at org.junit.jupiter.api.AssertEquals.assertEquals(AssertEquals.java:184)
	at org.junit.jupiter.api.AssertEquals.assertEquals(AssertEquals.java:179)
	at org.junit.jupiter.api.Assertions.assertEquals(Assertions.java:508)
	at com.shopify.prettyprices.PriceConverterTest.testConvertDownToNearestQuarter(PriceConverterTest.java:48)
</failure>
    <system-out>convert DOWN to nearest quarter
</system-out>
  </testcase>
</testsuite>